<?xml version="1.0" encoding="UTF-8"?>
<!-- Generated by org.testng.reporters.JUnitReportReporter -->
<testsuite hostname="VAIO" name="com.appium.test.ParallelTest" tests="2" failures="0" timestamp="15 Sep 2016 05:53:04 GMT" time="56.193" errors="0">
  <testcase name="Login" time="31.502" classname="com.appium.test.ParallelTest"/>
  <testcase name="Login" time="24.691" classname="com.appium.test.ParallelTest"/>
</testsuite> <!-- com.appium.test.ParallelTest -->
